kotlin version: 2.2.0
error message: java.lang.RuntimeException: Exception while generating code for:
FUN name:setupShimmerLayout visibility:private modality:FINAL returnType:kotlin.Unit
  VALUE_PARAMETER kind:DispatchReceiver name:<this> index:0 type:com.oz.android.ads.oz_ads.ads_component.ads_inline.InlineAds<AdType of com.oz.android.ads.oz_ads.ads_component.ads_inline.InlineAds>
  BLOCK_BODY
    SET_FIELD 'FIELD PROPERTY_BACKING_FIELD name:shimmerLayout type:io.github.usefulness.shimmer.android.ShimmerFrameLayout? visibility:private' type=kotlin.Unit origin=null
      receiver: GET_VAR '<this>: com.oz.android.ads.oz_ads.ads_component.ads_inline.InlineAds<AdType of com.oz.android.ads.oz_ads.ads_component.ads_inline.InlineAds> declared in com.oz.android.ads.oz_ads.ads_component.ads_inline.InlineAds.setupShimmerLayout' type=com.oz.android.ads.oz_ads.ads_component.ads_inline.InlineAds<AdType of com.oz.android.ads.oz_ads.ads_component.ads_inline.InlineAds> origin=IMPLICIT_ARGUMENT
      value: CONSTRUCTOR_CALL 'public constructor <init> (context: android.content.Context) declared in io.github.usefulness.shimmer.android.ShimmerFrameLayout' type=io.github.usefulness.shimmer.android.ShimmerFrameLayout origin=null
        ARG context: BLOCK type=android.content.Context origin=null
          VAR IR_TEMPORARY_VARIABLE name:tmp0 type:kotlin.Any? [val]
            CALL 'public final fun getContext (): @[FlexibleNullability] android.content.Context? [fake_override] declared in com.oz.android.ads.oz_ads.ads_component.ads_inline.InlineAds' type=@[FlexibleNullability] android.content.Context? origin=GET_PROPERTY
              ARG <this>: GET_VAR '<this>: com.oz.android.ads.oz_ads.ads_component.ads_inline.InlineAds<AdType of com.oz.android.ads.oz_ads.ads_component.ads_inline.InlineAds> declared in com.oz.android.ads.oz_ads.ads_component.ads_inline.InlineAds.setupShimmerLayout' type=com.oz.android.ads.oz_ads.ads_component.ads_inline.InlineAds<AdType of com.oz.android.ads.oz_ads.ads_component.ads_inline.InlineAds> origin=IMPLICIT_ARGUMENT
          CALL 'public final fun checkNotNullExpressionValue (value: kotlin.Any?, expression: kotlin.String): kotlin.Unit declared in kotlin.jvm.internal.Intrinsics' type=kotlin.Unit origin=null
            ARG value: GET_VAR 'val tmp0: kotlin.Any? [val] declared in com.oz.android.ads.oz_ads.ads_component.ads_inline.InlineAds.setupShimmerLayout' type=kotlin.Any? origin=null
            ARG expression: CONST String type=kotlin.String value="getContext(...)"
          GET_VAR 'val tmp0: kotlin.Any? [val] declared in com.oz.android.ads.oz_ads.ads_component.ads_inline.InlineAds.setupShimmerLayout' type=kotlin.Any? origin=null
    COMPOSITE type=kotlin.Unit origin=null
      BLOCK type=kotlin.Unit? origin=FOLDED_SAFE_CALL
        WHEN type=kotlin.Unit? origin=FOLDED_SAFE_CALL
          BRANCH
            if: COMPOSITE type=kotlin.Boolean origin=null
              VAR IR_TEMPORARY_VARIABLE name:tmp0_safe_receiver type:io.github.usefulness.shimmer.android.ShimmerFrameLayout? [val]
                GET_FIELD 'FIELD PROPERTY_BACKING_FIELD name:shimmerLayout type:io.github.usefulness.shimmer.android.ShimmerFrameLayout? visibility:private' type=io.github.usefulness.shimmer.android.ShimmerFrameLayout? origin=null
                  receiver: GET_VAR '<this>: com.oz.android.ads.oz_ads.ads_component.ads_inline.InlineAds<AdType of com.oz.android.ads.oz_ads.ads_component.ads_inline.InlineAds> declared in com.oz.android.ads.oz_ads.ads_component.ads_inline.InlineAds.setupShimmerLayout' type=com.oz.android.ads.oz_ads.ads_component.ads_inline.InlineAds<AdType of com.oz.android.ads.oz_ads.ads_component.ads_inline.InlineAds> origin=IMPLICIT_ARGUMENT
              CALL 'public final fun not (): kotlin.Boolean [operator] declared in kotlin.Boolean' type=kotlin.Boolean origin=null
                ARG <this>: CALL 'public final fun EQEQ (arg0: kotlin.Any?, arg1: kotlin.Any?): kotlin.Boolean declared in kotlin.internal.ir' type=kotlin.Boolean origin=null
                  ARG arg0: GET_VAR 'val tmp0_safe_receiver: io.github.usefulness.shimmer.android.ShimmerFrameLayout? [val] declared in com.oz.android.ads.oz_ads.ads_component.ads_inline.InlineAds.setupShimmerLayout' type=io.github.usefulness.shimmer.android.ShimmerFrameLayout? origin=null
                  ARG arg1: CONST Null type=kotlin.Nothing? value=null
            then: CALL 'public open fun setLayoutParams (p0: @[FlexibleNullability] android.view.ViewGroup.LayoutParams?): kotlin.Unit [fake_override] declared in io.github.usefulness.shimmer.android.ShimmerFrameLayout' type=kotlin.Unit origin=EQ
              ARG <this>: GET_VAR 'val tmp0_safe_receiver: io.github.usefulness.shimmer.android.ShimmerFrameLayout? [val] declared in com.oz.android.ads.oz_ads.ads_component.ads_inline.InlineAds.setupShimmerLayout' type=io.github.usefulness.shimmer.android.ShimmerFrameLayout? origin=null
              ARG p0: CONSTRUCTOR_CALL 'public constructor <init> (p0: kotlin.Int, p1: kotlin.Int) declared in android.view.ViewGroup.LayoutParams' type=android.view.ViewGroup.LayoutParams origin=null
                ARG p0: CONST Int type=kotlin.Int value=-1
                ARG p1: CONST Int type=kotlin.Int value=-1
          BRANCH
            if: CONST Boolean type=kotlin.Boolean value=true
            then: CONST Null type=kotlin.Nothing? value=null
    COMPOSITE type=kotlin.Unit origin=null
      CALL 'public final fun apply <T> (<this>: T of kotlin.StandardKt.apply, block: @[ExtensionFunctionType] kotlin.Function1<T of kotlin.StandardKt.apply, kotlin.Unit>): T of kotlin.StandardKt.apply [inline] declared in kotlin.StandardKt' type=io.github.usefulness.shimmer.android.ShimmerFrameLayout? origin=null
        TYPE_ARG T: io.github.usefulness.shimmer.android.ShimmerFrameLayout?
        ARG <this>: GET_FIELD 'FIELD PROPERTY_BACKING_FIELD name:shimmerLayout type:io.github.usefulness.shimmer.android.ShimmerFrameLayout? visibility:private' type=io.github.usefulness.shimmer.android.ShimmerFrameLayout? origin=null
          receiver: GET_VAR '<this>: com.oz.android.ads.oz_ads.ads_component.ads_inline.InlineAds<AdType of com.oz.android.ads.oz_ads.ads_component.ads_inline.InlineAds> declared in com.oz.android.ads.oz_ads.ads_component.ads_inline.InlineAds.setupShimmerLayout' type=com.oz.android.ads.oz_ads.ads_component.ads_inline.InlineAds<AdType of com.oz.android.ads.oz_ads.ads_component.ads_inline.InlineAds> origin=IMPLICIT_ARGUMENT
        ARG block: BLOCK type=@[ExtensionFunctionType] kotlin.Function1<io.github.usefulness.shimmer.android.ShimmerFrameLayout?, kotlin.Unit> origin=LAMBDA
          COMPOSITE type=kotlin.Unit origin=null
          FUNCTION_REFERENCE 'private final fun setupShimmerLayout$lambda$0 ($this$apply: io.github.usefulness.shimmer.android.ShimmerFrameLayout?): kotlin.Unit declared in com.oz.android.ads.oz_ads.ads_component.ads_inline.InlineAds' type=@[ExtensionFunctionType] kotlin.Function1<io.github.usefulness.shimmer.android.ShimmerFrameLayout?, kotlin.Unit> origin=INLINE_LAMBDA reflectionTarget=null
      COMPOSITE type=kotlin.Unit origin=null
    VAR name:placeholder type:android.view.View [val]
      CONSTRUCTOR_CALL 'public constructor <init> (p0: @[FlexibleNullability] android.content.Context?) declared in android.view.View' type=android.view.View origin=null
        ARG p0: CALL 'public final fun getContext (): @[FlexibleNullability] android.content.Context? [fake_override] declared in com.oz.android.ads.oz_ads.ads_component.ads_inline.InlineAds' type=@[FlexibleNullability] android.content.Context? origin=GET_PROPERTY
          ARG <this>: GET_VAR '<this>: com.oz.android.ads.oz_ads.ads_component.ads_inline.InlineAds<AdType of com.oz.android.ads.oz_ads.ads_component.ads_inline.InlineAds> declared in com.oz.android.ads.oz_ads.ads_component.ads_inline.InlineAds.setupShimmerLayout' type=com.oz.android.ads.oz_ads.ads_component.ads_inline.InlineAds<AdType of com.oz.android.ads.oz_ads.ads_component.ads_inline.InlineAds> origin=IMPLICIT_ARGUMENT
    CALL 'public open fun setLayoutParams (p0: @[FlexibleNullability] android.view.ViewGroup.LayoutParams?): kotlin.Unit declared in android.view.View' type=kotlin.Unit origin=EQ
      ARG <this>: GET_VAR 'val placeholder: android.view.View [val] declared in com.oz.android.ads.oz_ads.ads_component.ads_inline.InlineAds.setupShimmerLayout' type=android.view.View origin=null
      ARG p0: CONSTRUCTOR_CALL 'public constructor <init> (p0: kotlin.Int, p1: kotlin.Int) declared in android.view.ViewGroup.LayoutParams' type=android.view.ViewGroup.LayoutParams origin=null
        ARG p0: CONST Int type=kotlin.Int value=-1
        ARG p1: CONST Int type=kotlin.Int value=-1
    CALL 'public open fun setBackgroundColor (p0: kotlin.Int): kotlin.Unit declared in android.view.View' type=kotlin.Unit origin=null
      ARG <this>: GET_VAR 'val placeholder: android.view.View [val] declared in com.oz.android.ads.oz_ads.ads_component.ads_inline.InlineAds.setupShimmerLayout' type=android.view.View origin=null
      ARG p0: CONST Int type=kotlin.Int value=-3355444
    COMPOSITE type=kotlin.Unit origin=null
      BLOCK type=kotlin.Unit? origin=FOLDED_SAFE_CALL
        WHEN type=kotlin.Unit? origin=FOLDED_SAFE_CALL
          BRANCH
            if: COMPOSITE type=kotlin.Boolean origin=null
              VAR IR_TEMPORARY_VARIABLE name:tmp1_safe_receiver type:io.github.usefulness.shimmer.android.ShimmerFrameLayout? [val]
                GET_FIELD 'FIELD PROPERTY_BACKING_FIELD name:shimmerLayout type:io.github.usefulness.shimmer.android.ShimmerFrameLayout? visibility:private' type=io.github.usefulness.shimmer.android.ShimmerFrameLayout? origin=null
                  receiver: GET_VAR '<this>: com.oz.android.ads.oz_ads.ads_component.ads_inline.InlineAds<AdType of com.oz.android.ads.oz_ads.ads_component.ads_inline.InlineAds> declared in com.oz.android.ads.oz_ads.ads_component.ads_inline.InlineAds.setupShimmerLayout' type=com.oz.android.ads.oz_ads.ads_component.ads_inline.InlineAds<AdType of com.oz.android.ads.oz_ads.ads_component.ads_inline.InlineAds> origin=IMPLICIT_ARGUMENT
              CALL 'public final fun not (): kotlin.Boolean [operator] declared in kotlin.Boolean' type=kotlin.Boolean origin=null
                ARG <this>: CALL 'public final fun EQEQ (arg0: kotlin.Any?, arg1: kotlin.Any?): kotlin.Boolean declared in kotlin.internal.ir' type=kotlin.Boolean origin=null
                  ARG arg0: GET_VAR 'val tmp1_safe_receiver: io.github.usefulness.shimmer.android.ShimmerFrameLayout? [val] declared in com.oz.android.ads.oz_ads.ads_component.ads_inline.InlineAds.setupShimmerLayout' type=io.github.usefulness.shimmer.android.ShimmerFrameLayout? origin=null
                  ARG arg1: CONST Null type=kotlin.Nothing? value=null
            then: CALL 'public open fun addView (p0: @[FlexibleNullability] android.view.View?): kotlin.Unit [fake_override] declared in io.github.usefulness.shimmer.android.ShimmerFrameLayout' type=kotlin.Unit origin=null
              ARG <this>: GET_VAR 'val tmp1_safe_receiver: io.github.usefulness.shimmer.android.ShimmerFrameLayout? [val] declared in com.oz.android.ads.oz_ads.ads_component.ads_inline.InlineAds.setupShimmerLayout' type=io.github.usefulness.shimmer.android.ShimmerFrameLayout? origin=null
              ARG p0: GET_VAR 'val placeholder: android.view.View [val] declared in com.oz.android.ads.oz_ads.ads_component.ads_inline.InlineAds.setupShimmerLayout' type=android.view.View origin=null
          BRANCH
            if: CONST Boolean type=kotlin.Boolean value=true
            then: CONST Null type=kotlin.Nothing? value=null
    COMPOSITE type=kotlin.Unit origin=null
      BLOCK type=kotlin.Unit? origin=FOLDED_SAFE_CALL
        WHEN type=kotlin.Unit? origin=FOLDED_SAFE_CALL
          BRANCH
            if: COMPOSITE type=kotlin.Boolean origin=null
              VAR IR_TEMPORARY_VARIABLE name:tmp2_safe_receiver type:io.github.usefulness.shimmer.android.ShimmerFrameLayout? [val]
                GET_FIELD 'FIELD PROPERTY_BACKING_FIELD name:shimmerLayout type:io.github.usefulness.shimmer.android.ShimmerFrameLayout? visibility:private' type=io.github.usefulness.shimmer.android.ShimmerFrameLayout? origin=null
                  receiver: GET_VAR '<this>: com.oz.android.ads.oz_ads.ads_component.ads_inline.InlineAds<AdType of com.oz.android.ads.oz_ads.ads_component.ads_inline.InlineAds> declared in com.oz.android.ads.oz_ads.ads_component.ads_inline.InlineAds.setupShimmerLayout' type=com.oz.android.ads.oz_ads.ads_component.ads_inline.InlineAds<AdType of com.oz.android.ads.oz_ads.ads_component.ads_inline.InlineAds> origin=IMPLICIT_ARGUMENT
              CALL 'public final fun not (): kotlin.Boolean [operator] declared in kotlin.Boolean' type=kotlin.Boolean origin=null
                ARG <this>: CALL 'public final fun EQEQ (arg0: kotlin.Any?, arg1: kotlin.Any?): kotlin.Boolean declared in kotlin.internal.ir' type=kotlin.Boolean origin=null
                  ARG arg0: GET_VAR 'val tmp2_safe_receiver: io.github.usefulness.shimmer.android.ShimmerFrameLayout? [val] declared in com.oz.android.ads.oz_ads.ads_component.ads_inline.InlineAds.setupShimmerLayout' type=io.github.usefulness.shimmer.android.ShimmerFrameLayout? origin=null
                  ARG arg1: CONST Null type=kotlin.Nothing? value=null
            then: CALL 'public open fun setVisibility (p0: kotlin.Int): kotlin.Unit [fake_override] declared in io.github.usefulness.shimmer.android.ShimmerFrameLayout' type=kotlin.Unit origin=EQ
              ARG <this>: GET_VAR 'val tmp2_safe_receiver: io.github.usefulness.shimmer.android.ShimmerFrameLayout? [val] declared in com.oz.android.ads.oz_ads.ads_component.ads_inline.InlineAds.setupShimmerLayout' type=io.github.usefulness.shimmer.android.ShimmerFrameLayout? origin=null
              ARG p0: CONST Int type=kotlin.Int value=8
          BRANCH
            if: CONST Boolean type=kotlin.Boolean value=true
            then: CONST Null type=kotlin.Nothing? value=null
    CALL 'public open fun addView (p0: @[FlexibleNullability] android.view.View?): kotlin.Unit [fake_override] declared in com.oz.android.ads.oz_ads.ads_component.ads_inline.InlineAds' type=kotlin.Unit origin=null
      ARG <this>: GET_VAR '<this>: com.oz.android.ads.oz_ads.ads_component.ads_inline.InlineAds<AdType of com.oz.android.ads.oz_ads.ads_component.ads_inline.InlineAds> declared in com.oz.android.ads.oz_ads.ads_component.ads_inline.InlineAds.setupShimmerLayout' type=com.oz.android.ads.oz_ads.ads_component.ads_inline.InlineAds<AdType of com.oz.android.ads.oz_ads.ads_component.ads_inline.InlineAds> origin=IMPLICIT_ARGUMENT
      ARG p0: GET_FIELD 'FIELD PROPERTY_BACKING_FIELD name:shimmerLayout type:io.github.usefulness.shimmer.android.ShimmerFrameLayout? visibility:private' type=io.github.usefulness.shimmer.android.ShimmerFrameLayout? origin=null
        receiver: GET_VAR '<this>: com.oz.android.ads.oz_ads.ads_component.ads_inline.InlineAds<AdType of com.oz.android.ads.oz_ads.ads_component.ads_inline.InlineAds> declared in com.oz.android.ads.oz_ads.ads_component.ads_inline.InlineAds.setupShimmerLayout' type=com.oz.android.ads.oz_ads.ads_component.ads_inline.InlineAds<AdType of com.oz.android.ads.oz_ads.ads_component.ads_inline.InlineAds> origin=IMPLICIT_ARGUMENT

	at org.jetbrains.kotlin.backend.jvm.codegen.FunctionCodegen.generate(FunctionCodegen.kt:50)
	at org.jetbrains.kotlin.backend.jvm.codegen.FunctionCodegen.generate$default(FunctionCodegen.kt:43)
	at org.jetbrains.kotlin.backend.jvm.codegen.ClassCodegen.generateMethodNode(ClassCodegen.kt:422)
	at org.jetbrains.kotlin.backend.jvm.codegen.ClassCodegen.generateMethod(ClassCodegen.kt:439)
	at org.jetbrains.kotlin.backend.jvm.codegen.ClassCodegen.generate(ClassCodegen.kt:164)
	at org.jetbrains.kotlin.backend.jvm.JvmIrCodegenFactory.generateFile(JvmIrCodegenFactory.kt:419)
	at org.jetbrains.kotlin.backend.jvm.JvmIrCodegenFactory.invokeCodegen(JvmIrCodegenFactory.kt:388)
	at org.jetbrains.kotlin.cli.jvm.compiler.KotlinToJVMBytecodeCompiler.runCodegen$cli(KotlinToJVMBytecodeCompiler.kt:432)
	at org.jetbrains.kotlin.cli.pipeline.jvm.JvmBackendPipelinePhase.executePhase(JvmBackendPipelinePhase.kt:95)
	at org.jetbrains.kotlin.cli.pipeline.jvm.JvmBackendPipelinePhase.executePhase(JvmBackendPipelinePhase.kt:36)
	at org.jetbrains.kotlin.cli.pipeline.jvm.JvmBackendPipelinePhase.executePhase(JvmBackendPipelinePhase.kt:29)
	at org.jetbrains.kotlin.cli.pipeline.PipelinePhase.phaseBody(PipelinePhase.kt:68)
	at org.jetbrains.kotlin.cli.pipeline.PipelinePhase.phaseBody(PipelinePhase.kt:58)
	at org.jetbrains.kotlin.config.phaser.NamedCompilerPhase.invoke(CompilerPhase.kt:102)
	at org.jetbrains.kotlin.backend.common.phaser.CompositePhase.invoke(PhaseBuilders.kt:22)
	at org.jetbrains.kotlin.config.phaser.CompilerPhaseKt.invokeToplevel(CompilerPhase.kt:53)
	at org.jetbrains.kotlin.cli.pipeline.AbstractCliPipeline.runPhasedPipeline(AbstractCliPipeline.kt:109)
	at org.jetbrains.kotlin.cli.pipeline.AbstractCliPipeline.execute(AbstractCliPipeline.kt:68)
	at org.jetbrains.kotlin.cli.jvm.K2JVMCompiler.doExecutePhased(K2JVMCompiler.kt:78)
	at org.jetbrains.kotlin.cli.jvm.K2JVMCompiler.doExecutePhased(K2JVMCompiler.kt:44)
	at org.jetbrains.kotlin.cli.common.CLICompiler.execImpl(CLICompiler.kt:90)
	at org.jetbrains.kotlin.cli.common.CLICompiler.exec(CLICompiler.kt:352)
	at org.jetbrains.kotlin.incremental.IncrementalJvmCompilerRunnerBase.runCompiler(IncrementalJvmCompilerRunnerBase.kt:175)
	at org.jetbrains.kotlin.incremental.IncrementalJvmCompilerRunnerBase.runCompiler(IncrementalJvmCompilerRunnerBase.kt:38)
	at org.jetbrains.kotlin.incremental.IncrementalCompilerRunner.doCompile(IncrementalCompilerRunner.kt:504)
	at org.jetbrains.kotlin.incremental.IncrementalCompilerRunner.compileImpl(IncrementalCompilerRunner.kt:421)
	at org.jetbrains.kotlin.incremental.IncrementalCompilerRunner.tryCompileIncrementally$lambda$10$compile(IncrementalCompilerRunner.kt:254)
	at org.jetbrains.kotlin.incremental.IncrementalCompilerRunner.tryCompileIncrementally(IncrementalCompilerRunner.kt:272)
	at org.jetbrains.kotlin.incremental.IncrementalCompilerRunner.compile(IncrementalCompilerRunner.kt:124)
	at org.jetbrains.kotlin.daemon.CompileServiceImplBase.execIncrementalCompiler(CompileServiceImpl.kt:679)
	at org.jetbrains.kotlin.daemon.CompileServiceImplBase.access$execIncrementalCompiler(CompileServiceImpl.kt:93)
	at org.jetbrains.kotlin.daemon.CompileServiceImpl.compile(CompileServiceImpl.kt:1806)
	at java.base/jdk.internal.reflect.DirectMethodHandleAccessor.invoke(Unknown Source)
	at java.base/java.lang.reflect.Method.invoke(Unknown Source)
	at java.rmi/sun.rmi.server.UnicastServerRef.dispatch(Unknown Source)
	at java.rmi/sun.rmi.transport.Transport$1.run(Unknown Source)
	at java.rmi/sun.rmi.transport.Transport$1.run(Unknown Source)
	at java.base/java.security.AccessController.doPrivileged(Unknown Source)
	at java.rmi/sun.rmi.transport.Transport.serviceCall(Unknown Source)
	at java.rmi/sun.rmi.transport.tcp.TCPTransport.handleMessages(Unknown Source)
	at java.rmi/sun.rmi.transport.tcp.TCPTransport$ConnectionHandler.run0(Unknown Source)
	at java.rmi/sun.rmi.transport.tcp.TCPTransport$ConnectionHandler.lambda$run$0(Unknown Source)
	at java.base/java.security.AccessController.doPrivileged(Unknown Source)
	at java.rmi/sun.rmi.transport.tcp.TCPTransport$ConnectionHandler.run(Unknown Source)
	at java.base/java.util.concurrent.ThreadPoolExecutor.runWorker(Unknown Source)
	at java.base/java.util.concurrent.ThreadPoolExecutor$Worker.run(Unknown Source)
	at java.base/java.lang.Thread.run(Unknown Source)
Caused by: java.lang.RuntimeException: Exception while generating code for:
FUN INLINE_LAMBDA name:setupShimmerLayout$lambda$0 visibility:private modality:FINAL returnType:kotlin.Unit
  VALUE_PARAMETER kind:ExtensionReceiver name:$this$apply index:0 type:io.github.usefulness.shimmer.android.ShimmerFrameLayout?
  BLOCK_BODY
    VAR name:$i$a$-apply-InlineAds$setupShimmerLayout$1 type:kotlin.Int [val]
      CONST Int type=kotlin.Int value=0
    SET_FIELD 'FIELD IR_EXTERNAL_JAVA_DECLARATION_STUB name:repeatMode type:kotlin.Int visibility:public [final,static] declared in android.R.attr' type=kotlin.Unit superQualifierSymbol=android.R.attr origin=EQ
      value: CONST Int type=kotlin.Int value=1

	at org.jetbrains.kotlin.backend.jvm.codegen.FunctionCodegen.generate(FunctionCodegen.kt:50)
	at org.jetbrains.kotlin.backend.jvm.codegen.IrSourceCompilerForInline.generateLambdaBody(IrSourceCompilerForInline.kt:72)
	at org.jetbrains.kotlin.codegen.inline.ExpressionLambda.generateLambdaBody(LambdaInfo.kt:72)
	at org.jetbrains.kotlin.backend.jvm.codegen.IrInlineCodegen.genValueAndPut(IrInlineCodegen.kt:122)
	at org.jetbrains.kotlin.backend.jvm.codegen.ExpressionCodegen.visitCall$handleParameter(ExpressionCodegen.kt:564)
	at org.jetbrains.kotlin.backend.jvm.codegen.ExpressionCodegen.visitCall(ExpressionCodegen.kt:577)
	at org.jetbrains.kotlin.backend.jvm.codegen.ExpressionCodegen.visitCall(ExpressionCodegen.kt:135)
	at org.jetbrains.kotlin.ir.expressions.IrCall.accept(IrCall.kt:24)
	at org.jetbrains.kotlin.backend.jvm.codegen.ExpressionCodegen.visitStatementContainer(ExpressionCodegen.kt:527)
	at org.jetbrains.kotlin.backend.jvm.codegen.ExpressionCodegen.visitContainerExpression(ExpressionCodegen.kt:541)
	at org.jetbrains.kotlin.backend.jvm.codegen.ExpressionCodegen.visitContainerExpression(ExpressionCodegen.kt:135)
	at org.jetbrains.kotlin.ir.visitors.IrVisitor.visitComposite(IrVisitor.kt:125)
	at org.jetbrains.kotlin.ir.expressions.IrComposite.accept(IrComposite.kt:18)
	at org.jetbrains.kotlin.backend.jvm.codegen.ExpressionCodegen.visitStatementContainer(ExpressionCodegen.kt:527)
	at org.jetbrains.kotlin.backend.jvm.codegen.ExpressionCodegen.visitBlockBody(ExpressionCodegen.kt:532)
	at org.jetbrains.kotlin.backend.jvm.codegen.ExpressionCodegen.visitBlockBody(ExpressionCodegen.kt:135)
	at org.jetbrains.kotlin.ir.expressions.IrBlockBody.accept(IrBlockBody.kt:20)
	at org.jetbrains.kotlin.backend.jvm.codegen.ExpressionCodegen.generate(ExpressionCodegen.kt:233)
	at org.jetbrains.kotlin.backend.jvm.codegen.FunctionCodegen.doGenerate(FunctionCodegen.kt:126)
	at org.jetbrains.kotlin.backend.jvm.codegen.FunctionCodegen.generate(FunctionCodegen.kt:47)
	... 46 more
Caused by: java.lang.AssertionError: access of const val: SET_FIELD 'FIELD IR_EXTERNAL_JAVA_DECLARATION_STUB name:repeatMode type:kotlin.Int visibility:public [final,static] declared in android.R.attr' type=kotlin.Unit superQualifierSymbol=android.R.attr origin=EQ
  value: CONST Int type=kotlin.Int value=1

	at org.jetbrains.kotlin.backend.jvm.codegen.ExpressionCodegen.visitFieldAccess(ExpressionCodegen.kt:807)
	at org.jetbrains.kotlin.backend.jvm.codegen.ExpressionCodegen.visitFieldAccess(ExpressionCodegen.kt:135)
	at org.jetbrains.kotlin.ir.visitors.IrVisitor.visitSetField(IrVisitor.kt:215)
	at org.jetbrains.kotlin.backend.jvm.codegen.ExpressionCodegen.visitSetField(ExpressionCodegen.kt:858)
	at org.jetbrains.kotlin.backend.jvm.codegen.ExpressionCodegen.visitSetField(ExpressionCodegen.kt:135)
	at org.jetbrains.kotlin.ir.expressions.IrSetField.accept(IrSetField.kt:21)
	at org.jetbrains.kotlin.backend.jvm.codegen.ExpressionCodegen.visitStatementContainer(ExpressionCodegen.kt:527)
	at org.jetbrains.kotlin.backend.jvm.codegen.ExpressionCodegen.visitBlockBody(ExpressionCodegen.kt:532)
	at org.jetbrains.kotlin.backend.jvm.codegen.ExpressionCodegen.visitBlockBody(ExpressionCodegen.kt:135)
	at org.jetbrains.kotlin.ir.expressions.IrBlockBody.accept(IrBlockBody.kt:20)
	at org.jetbrains.kotlin.backend.jvm.codegen.ExpressionCodegen.generate(ExpressionCodegen.kt:233)
	at org.jetbrains.kotlin.backend.jvm.codegen.FunctionCodegen.doGenerate(FunctionCodegen.kt:126)
	at org.jetbrains.kotlin.backend.jvm.codegen.FunctionCodegen.generate(FunctionCodegen.kt:47)
	... 65 more


